<?xml version="1.0" encoding="UTF-8"?>
<testng-results ignored="0" total="1" passed="1" failed="0" skipped="0">
  <reporter-output>
  </reporter-output>
  <suite started-at="2023-03-21T14:04:00 IST" name="Default suite" finished-at="2023-03-21T14:04:00 IST" duration-ms="95">
    <groups>
    </groups>
    <test started-at="2023-03-21T14:04:00 IST" name="Default test" finished-at="2023-03-21T14:04:00 IST" duration-ms="95">
      <class name="practice.SamplePractice">
        <test-method signature="practice()[pri:0, instance:practice.SamplePractice@5e316c74]" started-at="2023-03-21T14:04:00 IST" name="practice" finished-at="2023-03-21T14:04:00 IST" duration-ms="20" status="PASS">
          <reporter-output>
          </reporter-output>
        </test-method> <!-- practice -->
      </class> <!-- practice.SamplePractice -->
    </test> <!-- Default test -->
  </suite> <!-- Default suite -->
</testng-results>
